<?xml version="1.0" encoding="utf-8"?><testsuite errors="0" failures="0" name="pytest" skips="0" tests="2" time="0.063"><testcase classname="test_calculations.CalculationsTest" file="test_calculations.py" line="9" name="test_divide_contain_zero" time="0.0013327598571777344"></testcase><testcase classname="test_calculations.CalculationsTest" file="test_calculations.py" line="6" name="test_divide_normal" time="0.0011031627655029297"></testcase></testsuite>